make[1]: Entering directory '/mnt/d/Projects/Operating-System-Input-Output-Library/test/checker-lin'
make[2]: Nothing to be done for 'build'.
'checkpatch.pl' tool not found on your system. Skipping source check...
Please download 'checkpatch.pl' from 'https://raw.githubusercontent.com/torvalds/linux/master/scripts/checkpatch.pl' and install it in your $PATH.

00) Sources check...........................................failed  [ 0/95]
01) Test fopen arguments....................................passed  [02/95]
02) Test fgetc..............................................passed  [02/95]
03) Test fgetc large file...................................passed  [02/95]
04) Test fread small file...................................passed  [02/95]
05) Test fread large file...................................passed  [02/95]
06) Test chunked fread large file...........................passed  [02/95]
07) Test fread huge file....................................passed  [02/95]
08) Test chunked fread huge file............................passed  [02/95]
09) Test fread huge file (random)...........................passed  [02/95]
10) Test chunked fread huge file member size 4..............passed  [02/95]
11) Test chunked fread huge file member size 8..............passed  [02/95]
12) Test fputc..............................................passed  [02/95]
13) Test fputc large file...................................passed  [02/95]
14) Test fwrite small file..................................passed  [02/95]
15) Test fwrite large file..................................passed  [02/95]
16) Test chunked fwrite large file..........................passed  [02/95]
17) Test fwrite huge file...................................passed  [02/95]
18) Test chunked fwrite huge file...........................passed  [02/95]
19) Test fwrite huge file (random)..........................passed  [02/95]
20) Test chunked fwrite huge file member size 4.............passed  [02/95]
21) Test chunked fwrite huge file member size 8.............passed  [02/95]
22) Test append.............................................passed  [02/95]
23) Test append read........................................passed  [02/95]
24) Test fflush.............................................passed  [02/95]
25) Test fread ftell........................................passed  [02/95]
26) Test fwrite ftell.......................................passed  [02/95]
27) Test fseek ftell........................................passed  [02/95]
28) Test fseek fread........................................passed  [02/95]
29) Test fseek fwrite.......................................passed  [02/95]
30) Test fread fwrite.......................................passed  [02/95]
31) Test fwrite fread.......................................passed  [02/95]
32) Test feof fgetc.........................................passed  [02/95]
-->error here<--
33) Test feof fread.........................................passed  [02/95]
34) Test ferror fclose......................................passed  [02/95]
35) Test ferror fseek.......................................passed  [02/95]
-->error here<--
36) Test ferror read small..................................passed  [02/95]
-->error here<--
37) Test ferror read large..................................passed  [02/95]
38) Test ferror write small.................................passed  [02/95]
39) Test ferror write large.................................passed  [02/95]
src/test_popen_read.c:85: Incorrect data
-->error here<--
Memcheck failed
40) Test popen read.........................................failed  [ 0/95]
41) Test popen write........................................passed  [04/95]
src/test_perror_wait.c:76: Incorrect data
-->error here<--
Memcheck failed
42) Test perror wait........................................failed  [ 0/95]
43) Test perror fork........................................passed  [02/95]

                                                            Total:  [84/95]
make[1]: Leaving directory '/mnt/d/Projects/Operating-System-Input-Output-Library/test/checker-lin'
